<?xml version="1.0" encoding="UTF-8"?>
<!-- Generated by org.testng.reporters.JUnitXMLReporter -->
<testsuite ignored="0" hostname="DESKTOP-55S6J70" failures="2" tests="2" name="Group 4" time="50.327" errors="0" timestamp="2024-03-14T21:21:35 ICT">
  <testcase classname="tests.global.footer.FooterTest" name="testCategoryPageFooter" time="43.34">
    <failure type="java.lang.AssertionError" message="[ERR] Footer column hrefs are different: Lists differ at element [0]: https://demowebshop.tricentis.comhttps://demowebshop.tricentis.com/sitemap != https://demowebshop.tricentis.com/sitemap expected [https://demowebshop.tricentis.comhttps://demowebshop.tricentis.com/sitemap] but found [https://demowebshop.tricentis.com/sitemap]">
      <![CDATA[java.lang.AssertionError: [ERR] Footer column hrefs are different: Lists differ at element [0]: https://demowebshop.tricentis.comhttps://demowebshop.tricentis.com/sitemap != https://demowebshop.tricentis.com/sitemap expected [https://demowebshop.tricentis.comhttps://demowebshop.tricentis.com/sitemap] but found [https://demowebshop.tricentis.com/sitemap]
at test_flows.global.FooterTestFlow.testFooterColumn(FooterTestFlow.java:122)
at test_flows.global.FooterTestFlow.verifyInformationColumn(FooterTestFlow.java:78)
at test_flows.global.FooterTestFlow.verifyFooterComponent(FooterTestFlow.java:34)
at test_flows.global.FooterTestFlow.verifyProductCatFooterComponent(FooterTestFlow.java:69)
at tests.global.footer.FooterTest.testCategoryPageFooter(FooterTest.java:23)
at java.base/java.util.ArrayList.forEach(ArrayList.java:1541)
at java.base/java.util.concurrent.FutureTask.run(FutureTask.java:264)
at java.base/java.util.concurrent.ThreadPoolExecutor.runWorker(ThreadPoolExecutor.java:1128)
at java.base/java.util.concurrent.ThreadPoolExecutor$Worker.run(ThreadPoolExecutor.java:628)
at java.base/java.lang.Thread.run(Thread.java:834)
... Removed 21 stack frames]]>
    </failure>
  </testcase> <!-- testCategoryPageFooter -->
  <testcase classname="tests.global.footer.FooterTest" name="testHomePageFooter" time="2.658">
    <failure type="java.lang.AssertionError" message="[ERR] Footer column hrefs are different: Lists differ at element [0]: https://demowebshop.tricentis.comhttps://demowebshop.tricentis.com/sitemap != https://demowebshop.tricentis.com/sitemap expected [https://demowebshop.tricentis.comhttps://demowebshop.tricentis.com/sitemap] but found [https://demowebshop.tricentis.com/sitemap]">
      <![CDATA[java.lang.AssertionError: [ERR] Footer column hrefs are different: Lists differ at element [0]: https://demowebshop.tricentis.comhttps://demowebshop.tricentis.com/sitemap != https://demowebshop.tricentis.com/sitemap expected [https://demowebshop.tricentis.comhttps://demowebshop.tricentis.com/sitemap] but found [https://demowebshop.tricentis.com/sitemap]
at test_flows.global.FooterTestFlow.testFooterColumn(FooterTestFlow.java:122)
at test_flows.global.FooterTestFlow.verifyInformationColumn(FooterTestFlow.java:78)
at test_flows.global.FooterTestFlow.verifyFooterComponent(FooterTestFlow.java:34)
at tests.global.footer.FooterTest.testHomePageFooter(FooterTest.java:15)
at java.base/java.util.ArrayList.forEach(ArrayList.java:1541)
at java.base/java.util.concurrent.FutureTask.run(FutureTask.java:264)
at java.base/java.util.concurrent.ThreadPoolExecutor.runWorker(ThreadPoolExecutor.java:1128)
at java.base/java.util.concurrent.ThreadPoolExecutor$Worker.run(ThreadPoolExecutor.java:628)
at java.base/java.lang.Thread.run(Thread.java:834)
... Removed 21 stack frames]]>
    </failure>
  </testcase> <!-- testHomePageFooter -->
</testsuite> <!-- Group 4 -->
