<?xml version="1.0" encoding="UTF-8"?>
<!-- Generated by org.testng.reporters.JUnitXMLReporter -->
<testsuite ignored="0" hostname="DESKTOP-55S6J70" failures="0" tests="2" name="Group 5" time="98.426" errors="0" timestamp="2024-03-14T21:22:23 ICT">
  <testcase classname="tests.order.computer.BuyingCheapComputerTest" name="testCheapComputerBuying" time="77.242"/>
  <testcase classname="tests.order.computer.BuyingCheapComputerTest" name="testCheapComputerBuying" time="20.593"/>
</testsuite> <!-- Group 5 -->
