<?xml version="1.0" encoding="UTF-8"?>
<!-- Generated by org.testng.reporters.JUnitXMLReporter -->
<testsuite ignored="0" hostname="DESKTOP-55S6J70" failures="0" tests="2" name="Group 6" time="100.08" errors="0" timestamp="2024-03-14T21:22:25 ICT">
  <testcase classname="tests.order.computer.BuyingStandardComputerTest" name="testStandardComputerBuying" time="77.548"/>
  <testcase classname="tests.order.computer.BuyingStandardComputerTest" name="testStandardComputerBuying" time="21.865"/>
</testsuite> <!-- Group 6 -->
